Arguments: 
  C:\Program Files\nodejs\node.exe C:\Program Files (x86)\Yarn\bin\yarn.js

PATH: 
  C:\Python27\;C:\Python27\Scripts;C:\Program Files (x86)\Common Files\Oracle\Java\javapath;C:\Windows\system32;C:\Windows;C:\Windows\System32\Wbem;C:\Windows\System32\WindowsPowerShell\v1.0\;C:\Program Files (x86)\ATI Technologies\ATI.ACE\Core-Static;C:\ProgramData\ComposerSetup\bin;C:\php7;C:\Program Files\PuTTY\;C:\Program Files\dotnet\;C:\Program Files\Common Files\Autodesk Shared\;C:\Program Files\Microsoft SQL Server\120\Tools\Binn\;C:\Program Files (x86)\Autodesk\Backburner\;C:\Program Files\Git\cmd;C:\Program Files (x86)\NVIDIA Corporation\PhysX\Common;C:\Program Files\NVIDIA Corporation\NVIDIA NvDLISR;C:\Program Files (x86)\Yarn\bin\;C:\ProgramData\chocolatey\bin;C:\Program Files\nodejs\;C:\Python\Scripts\;C:\Python\;C:\Program Files\MySQL\MySQL Shell 8.0\bin\;C:\Users\dukentre\AppData\Local\Programs\Microsoft VS Code\bin;C:\Users\dukentre\AppData\Local\Yarn\bin;C:\Users\dukentre\.dotnet\tools;C:\Users\dukentre\AppData\Roaming\npm

Yarn version: 
  1.19.1

Node version: 
  12.4.0

Platform: 
  win32 x64

Trace: 
  SyntaxError: C:\desktop\RestoreDesktop\server\package.json: Unexpected token } in JSON at position 441
      at JSON.parse (<anonymous>)
      at C:\Program Files (x86)\Yarn\lib\cli.js:1625:59
      at Generator.next (<anonymous>)
      at step (C:\Program Files (x86)\Yarn\lib\cli.js:304:30)
      at C:\Program Files (x86)\Yarn\lib\cli.js:315:13

npm manifest: 
  {
    "name": "restore-desktop-server",
    "version": "1.0.0",
    "description": "server for restore desktop",
    "main": "app.js",
    "scripts": {
      "test": "echo \"Error: no test specified\" && exit 1"
    },
    "author": "",
    "license": "MIT",
    "dependencies": {
      "crypto": "^1.0.1",
      "express": "^4.17.1",
      "express-session": "^1.16.2",
      "express-socket.io-session": "^1.3.5",
      "mysql": "^2.17.1",
      "socket.io": "^2.3.0",
    }
  }

yarn manifest: 
  No manifest

Lockfile: 
  No lockfile
